2012-04-12 09:25:01 Notice: Notice (8): Undefined index:   in [/var/www/html/track/app/views/patients/index.ctp, line 30]
2012-04-16 16:01:58 Notice: Notice (8): Undefined index:   in [/var/www/html/track/app/views/patients/view.ctp, line 22]
2012-06-03 22:48:04 Notice: Notice (8): Undefined index: location_id in [/var/www/html/track/app/app_controller.php, line 238]
2012-06-03 22:48:04 Notice: Notice (8): Undefined offset: 1 in [/var/www/html/track/app/app_controller.php, line 238]
2012-06-03 22:48:04 Notice: Notice (8): Undefined offset: 1 in [/var/www/html/track/app/app_controller.php, line 236]
2012-06-03 22:48:04 Notice: Notice (8): Undefined index: locations in [/var/www/html/track/app/app_controller.php, line 249]
2012-06-03 22:48:04 Notice: Notice (8): Undefined index: locations in [/var/www/html/track/app/app_controller.php, line 250]
2012-06-03 22:48:04 Notice: Notice (8): Undefined index: location_id in [/var/www/html/track/app/app_controller.php, line 254]
2012-06-03 22:48:04 Notice: Notice (8): Undefined index: location_id in [/var/www/html/track/app/app_controller.php, line 262]
2012-06-03 22:48:04 Notice: Notice (8): Undefined index: location_id in [/var/www/html/track/app/app_controller.php, line 285]
2012-06-03 22:48:04 Notice: Notice (8): Undefined index: locations in [/var/www/html/track/app/app_controller.php, line 297]
2012-06-03 22:48:04 Notice: Notice (8): Undefined index: locations in [/var/www/html/track/app/app_controller.php, line 298]
2012-06-03 22:48:04 Notice: Notice (8): Undefined index: locations in [/var/www/html/track/app/app_controller.php, line 299]
2012-06-03 22:48:04 Notice: Notice (8): Undefined index: item in [/var/www/html/track/app/app_controller.php, line 356]
2012-06-03 22:48:04 Notice: Notice (8): Undefined index: location_id in [/var/www/html/track/app/app_controller.php, line 358]
2012-06-03 22:48:04 Notice: Notice (8): Undefined index: location_id in [/var/www/html/track/app/app_controller.php, line 359]
2012-06-03 22:48:04 Notice: Notice (8): Undefined index: created in [/var/www/html/track/app/app_controller.php, line 375]
2012-06-03 22:48:04 Notice: Notice (8): Undefined index: created in [/var/www/html/track/app/app_controller.php, line 377]
2012-06-03 22:48:04 Notice: Notice (8): Undefined index: created in [/var/www/html/track/app/app_controller.php, line 395]
2012-06-03 22:48:05 Notice: Notice (8): Undefined variable: menus in [/var/www/html/track/app/views/elements/menu.ctp, line 3]
2012-06-03 22:48:05 Notice: Notice (8): Undefined variable: menus in [/var/www/html/track/app/views/elements/menu.ctp, line 18]
2012-06-03 22:48:05 Notice: Notice (8): Undefined variable: menus in [/var/www/html/track/app/views/elements/menu.ctp, line 37]
2012-06-03 22:48:05 Notice: Notice (8): Undefined variable: menus in [/var/www/html/track/app/views/elements/menu.ctp, line 3]
2012-06-03 22:48:05 Notice: Notice (8): Undefined variable: menus in [/var/www/html/track/app/views/elements/menu.ctp, line 18]
2012-06-03 22:48:05 Notice: Notice (8): Undefined variable: menus in [/var/www/html/track/app/views/elements/menu.ctp, line 37]
2012-06-03 22:54:30 Notice: Notice (8): Undefined variable: menus in [/var/www/html/track/app/views/elements/menu.ctp, line 3]
2012-06-03 22:54:30 Notice: Notice (8): Undefined variable: menus in [/var/www/html/track/app/views/elements/menu.ctp, line 18]
2012-06-03 22:54:30 Notice: Notice (8): Undefined variable: menus in [/var/www/html/track/app/views/elements/menu.ctp, line 37]
2012-06-03 22:54:30 Notice: Notice (8): Undefined variable: menus in [/var/www/html/track/app/views/elements/menu.ctp, line 3]
2012-06-03 22:54:30 Notice: Notice (8): Undefined variable: menus in [/var/www/html/track/app/views/elements/menu.ctp, line 18]
2012-06-03 22:54:30 Notice: Notice (8): Undefined variable: menus in [/var/www/html/track/app/views/elements/menu.ctp, line 37]
2012-06-03 22:54:50 Notice: Notice (8): Undefined variable: menus in [/var/www/html/track/app/views/elements/menu.ctp, line 3]
2012-06-03 22:54:50 Notice: Notice (8): Undefined variable: menus in [/var/www/html/track/app/views/elements/menu.ctp, line 18]
2012-06-03 22:54:50 Notice: Notice (8): Undefined variable: menus in [/var/www/html/track/app/views/elements/menu.ctp, line 37]
2012-06-03 22:54:50 Notice: Notice (8): Undefined variable: menus in [/var/www/html/track/app/views/elements/menu.ctp, line 3]
2012-06-03 22:54:50 Notice: Notice (8): Undefined variable: menus in [/var/www/html/track/app/views/elements/menu.ctp, line 18]
2012-06-03 22:54:50 Notice: Notice (8): Undefined variable: menus in [/var/www/html/track/app/views/elements/menu.ctp, line 37]
2012-06-03 22:57:34 Notice: Notice (8): Undefined variable: menus in [/var/www/html/track/app/views/elements/menu.ctp, line 3]
2012-06-03 22:57:34 Notice: Notice (8): Undefined variable: menus in [/var/www/html/track/app/views/elements/menu.ctp, line 18]
2012-06-03 22:57:34 Notice: Notice (8): Undefined variable: menus in [/var/www/html/track/app/views/elements/menu.ctp, line 37]
2012-06-03 22:57:35 Notice: Notice (8): Undefined variable: menus in [/var/www/html/track/app/views/elements/menu.ctp, line 3]
2012-06-03 22:57:35 Notice: Notice (8): Undefined variable: menus in [/var/www/html/track/app/views/elements/menu.ctp, line 18]
2012-06-03 22:57:35 Notice: Notice (8): Undefined variable: menus in [/var/www/html/track/app/views/elements/menu.ctp, line 37]
2012-06-03 22:58:14 Notice: Notice (8): Undefined variable: menus in [/var/www/html/track/app/views/elements/menu.ctp, line 3]
2012-06-03 22:58:14 Notice: Notice (8): Undefined variable: menus in [/var/www/html/track/app/views/elements/menu.ctp, line 18]
2012-06-03 22:58:14 Notice: Notice (8): Undefined variable: menus in [/var/www/html/track/app/views/elements/menu.ctp, line 37]
2012-06-03 22:58:14 Notice: Notice (8): Undefined variable: menus in [/var/www/html/track/app/views/elements/menu.ctp, line 3]
2012-06-03 22:58:14 Notice: Notice (8): Undefined variable: menus in [/var/www/html/track/app/views/elements/menu.ctp, line 18]
2012-06-03 22:58:14 Notice: Notice (8): Undefined variable: menus in [/var/www/html/track/app/views/elements/menu.ctp, line 37]
2012-06-03 22:58:20 Notice: Notice (8): Undefined variable: menus in [/var/www/html/track/app/views/elements/menu.ctp, line 3]
2012-06-03 22:58:20 Notice: Notice (8): Undefined variable: menus in [/var/www/html/track/app/views/elements/menu.ctp, line 18]
2012-06-03 22:58:20 Notice: Notice (8): Undefined variable: menus in [/var/www/html/track/app/views/elements/menu.ctp, line 37]
2012-06-03 22:58:20 Notice: Notice (8): Undefined variable: menus in [/var/www/html/track/app/views/elements/menu.ctp, line 3]
2012-06-03 22:58:20 Notice: Notice (8): Undefined variable: menus in [/var/www/html/track/app/views/elements/menu.ctp, line 18]
2012-06-03 22:58:20 Notice: Notice (8): Undefined variable: menus in [/var/www/html/track/app/views/elements/menu.ctp, line 37]
2012-06-03 22:58:28 Notice: Notice (8): Undefined variable: menus in [/var/www/html/track/app/views/elements/menu.ctp, line 3]
2012-06-03 22:58:28 Notice: Notice (8): Undefined variable: menus in [/var/www/html/track/app/views/elements/menu.ctp, line 18]
2012-06-03 22:58:28 Notice: Notice (8): Undefined variable: menus in [/var/www/html/track/app/views/elements/menu.ctp, line 37]
2012-06-03 22:58:28 Notice: Notice (8): Undefined variable: menus in [/var/www/html/track/app/views/elements/menu.ctp, line 3]
2012-06-03 22:58:28 Notice: Notice (8): Undefined variable: menus in [/var/www/html/track/app/views/elements/menu.ctp, line 18]
2012-06-03 22:58:28 Notice: Notice (8): Undefined variable: menus in [/var/www/html/track/app/views/elements/menu.ctp, line 37]
2012-06-03 22:58:30 Notice: Notice (8): Undefined variable: menus in [/var/www/html/track/app/views/elements/menu.ctp, line 3]
2012-06-03 22:58:30 Notice: Notice (8): Undefined variable: menus in [/var/www/html/track/app/views/elements/menu.ctp, line 18]
2012-06-03 22:58:30 Notice: Notice (8): Undefined variable: menus in [/var/www/html/track/app/views/elements/menu.ctp, line 37]
2012-06-03 22:58:30 Notice: Notice (8): Undefined variable: menus in [/var/www/html/track/app/views/elements/menu.ctp, line 3]
2012-06-03 22:58:30 Notice: Notice (8): Undefined variable: menus in [/var/www/html/track/app/views/elements/menu.ctp, line 18]
2012-06-03 22:58:30 Notice: Notice (8): Undefined variable: menus in [/var/www/html/track/app/views/elements/menu.ctp, line 37]
2012-06-03 22:58:47 Notice: Notice (8): Undefined variable: menus in [/var/www/html/track/app/views/elements/menu.ctp, line 3]
2012-06-03 22:58:47 Notice: Notice (8): Undefined variable: menus in [/var/www/html/track/app/views/elements/menu.ctp, line 18]
2012-06-03 22:58:47 Notice: Notice (8): Undefined variable: menus in [/var/www/html/track/app/views/elements/menu.ctp, line 37]
2012-06-03 22:58:48 Notice: Notice (8): Undefined variable: menus in [/var/www/html/track/app/views/elements/menu.ctp, line 3]
2012-06-03 22:58:48 Notice: Notice (8): Undefined variable: menus in [/var/www/html/track/app/views/elements/menu.ctp, line 18]
2012-06-03 22:58:48 Notice: Notice (8): Undefined variable: menus in [/var/www/html/track/app/views/elements/menu.ctp, line 37]
2012-06-03 22:58:52 Notice: Notice (8): Undefined variable: menus in [/var/www/html/track/app/views/elements/menu.ctp, line 3]
2012-06-03 22:58:52 Notice: Notice (8): Undefined variable: menus in [/var/www/html/track/app/views/elements/menu.ctp, line 18]
2012-06-03 22:58:52 Notice: Notice (8): Undefined variable: menus in [/var/www/html/track/app/views/elements/menu.ctp, line 37]
2012-06-03 22:58:52 Notice: Notice (8): Undefined variable: menus in [/var/www/html/track/app/views/elements/menu.ctp, line 3]
2012-06-03 22:58:52 Notice: Notice (8): Undefined variable: menus in [/var/www/html/track/app/views/elements/menu.ctp, line 18]
2012-06-03 22:58:52 Notice: Notice (8): Undefined variable: menus in [/var/www/html/track/app/views/elements/menu.ctp, line 37]
2012-06-03 22:58:54 Notice: Notice (8): Undefined variable: menus in [/var/www/html/track/app/views/elements/menu.ctp, line 3]
2012-06-03 22:58:54 Notice: Notice (8): Undefined variable: menus in [/var/www/html/track/app/views/elements/menu.ctp, line 18]
2012-06-03 22:58:54 Notice: Notice (8): Undefined variable: menus in [/var/www/html/track/app/views/elements/menu.ctp, line 37]
2012-06-03 22:58:54 Notice: Notice (8): Undefined variable: menus in [/var/www/html/track/app/views/elements/menu.ctp, line 3]
2012-06-03 22:58:54 Notice: Notice (8): Undefined variable: menus in [/var/www/html/track/app/views/elements/menu.ctp, line 18]
2012-06-03 22:58:54 Notice: Notice (8): Undefined variable: menus in [/var/www/html/track/app/views/elements/menu.ctp, line 37]
2012-06-03 22:59:17 Notice: Notice (8): Undefined variable: menus in [/var/www/html/track/app/views/elements/menu.ctp, line 3]
2012-06-03 22:59:17 Notice: Notice (8): Undefined variable: menus in [/var/www/html/track/app/views/elements/menu.ctp, line 18]
2012-06-03 22:59:17 Notice: Notice (8): Undefined variable: menus in [/var/www/html/track/app/views/elements/menu.ctp, line 37]
2012-06-03 22:59:17 Notice: Notice (8): Undefined variable: menus in [/var/www/html/track/app/views/elements/menu.ctp, line 3]
2012-06-03 22:59:17 Notice: Notice (8): Undefined variable: menus in [/var/www/html/track/app/views/elements/menu.ctp, line 18]
2012-06-03 22:59:17 Notice: Notice (8): Undefined variable: menus in [/var/www/html/track/app/views/elements/menu.ctp, line 37]
2012-06-03 22:59:25 Notice: Notice (8): Undefined variable: menus in [/var/www/html/track/app/views/elements/menu.ctp, line 3]
2012-06-03 22:59:25 Notice: Notice (8): Undefined variable: menus in [/var/www/html/track/app/views/elements/menu.ctp, line 18]
2012-06-03 22:59:25 Notice: Notice (8): Undefined variable: menus in [/var/www/html/track/app/views/elements/menu.ctp, line 37]
2012-06-03 22:59:25 Notice: Notice (8): Undefined variable: menus in [/var/www/html/track/app/views/elements/menu.ctp, line 3]
2012-06-03 22:59:25 Notice: Notice (8): Undefined variable: menus in [/var/www/html/track/app/views/elements/menu.ctp, line 18]
2012-06-03 22:59:25 Notice: Notice (8): Undefined variable: menus in [/var/www/html/track/app/views/elements/menu.ctp, line 37]
2012-06-03 22:59:27 Notice: Notice (8): Undefined variable: menus in [/var/www/html/track/app/views/elements/menu.ctp, line 3]
2012-06-03 22:59:27 Notice: Notice (8): Undefined variable: menus in [/var/www/html/track/app/views/elements/menu.ctp, line 18]
2012-06-03 22:59:27 Notice: Notice (8): Undefined variable: menus in [/var/www/html/track/app/views/elements/menu.ctp, line 37]
2012-06-03 22:59:27 Notice: Notice (8): Undefined variable: menus in [/var/www/html/track/app/views/elements/menu.ctp, line 3]
2012-06-03 22:59:27 Notice: Notice (8): Undefined variable: menus in [/var/www/html/track/app/views/elements/menu.ctp, line 18]
2012-06-03 22:59:27 Notice: Notice (8): Undefined variable: menus in [/var/www/html/track/app/views/elements/menu.ctp, line 37]
2012-06-03 22:59:39 Notice: Notice (8): Undefined variable: menus in [/var/www/html/track/app/views/elements/menu.ctp, line 3]
2012-06-03 22:59:39 Notice: Notice (8): Undefined variable: menus in [/var/www/html/track/app/views/elements/menu.ctp, line 18]
2012-06-03 22:59:39 Notice: Notice (8): Undefined variable: menus in [/var/www/html/track/app/views/elements/menu.ctp, line 37]
2012-06-03 22:59:39 Notice: Notice (8): Undefined variable: menus in [/var/www/html/track/app/views/elements/menu.ctp, line 3]
2012-06-03 22:59:39 Notice: Notice (8): Undefined variable: menus in [/var/www/html/track/app/views/elements/menu.ctp, line 18]
2012-06-03 22:59:39 Notice: Notice (8): Undefined variable: menus in [/var/www/html/track/app/views/elements/menu.ctp, line 37]
2012-06-03 22:59:45 Notice: Notice (8): Undefined variable: menus in [/var/www/html/track/app/views/elements/menu.ctp, line 3]
2012-06-03 22:59:45 Notice: Notice (8): Undefined variable: menus in [/var/www/html/track/app/views/elements/menu.ctp, line 18]
2012-06-03 22:59:45 Notice: Notice (8): Undefined variable: menus in [/var/www/html/track/app/views/elements/menu.ctp, line 37]
2012-06-03 22:59:45 Notice: Notice (8): Undefined variable: menus in [/var/www/html/track/app/views/elements/menu.ctp, line 3]
2012-06-03 22:59:45 Notice: Notice (8): Undefined variable: menus in [/var/www/html/track/app/views/elements/menu.ctp, line 18]
2012-06-03 22:59:45 Notice: Notice (8): Undefined variable: menus in [/var/www/html/track/app/views/elements/menu.ctp, line 37]
2012-06-03 22:59:47 Notice: Notice (8): Undefined variable: menus in [/var/www/html/track/app/views/elements/menu.ctp, line 3]
2012-06-03 22:59:47 Notice: Notice (8): Undefined variable: menus in [/var/www/html/track/app/views/elements/menu.ctp, line 18]
2012-06-03 22:59:47 Notice: Notice (8): Undefined variable: menus in [/var/www/html/track/app/views/elements/menu.ctp, line 37]
2012-06-03 22:59:47 Notice: Notice (8): Undefined variable: menus in [/var/www/html/track/app/views/elements/menu.ctp, line 3]
2012-06-03 22:59:47 Notice: Notice (8): Undefined variable: menus in [/var/www/html/track/app/views/elements/menu.ctp, line 18]
2012-06-03 22:59:47 Notice: Notice (8): Undefined variable: menus in [/var/www/html/track/app/views/elements/menu.ctp, line 37]
2012-06-03 23:00:00 Notice: Notice (8): Undefined variable: menus in [/var/www/html/track/app/views/elements/menu.ctp, line 3]
2012-06-03 23:00:00 Notice: Notice (8): Undefined variable: menus in [/var/www/html/track/app/views/elements/menu.ctp, line 18]
2012-06-03 23:00:00 Notice: Notice (8): Undefined variable: menus in [/var/www/html/track/app/views/elements/menu.ctp, line 37]
2012-06-03 23:00:00 Notice: Notice (8): Undefined variable: menus in [/var/www/html/track/app/views/elements/menu.ctp, line 3]
2012-06-03 23:00:00 Notice: Notice (8): Undefined variable: menus in [/var/www/html/track/app/views/elements/menu.ctp, line 18]
2012-06-03 23:00:00 Notice: Notice (8): Undefined variable: menus in [/var/www/html/track/app/views/elements/menu.ctp, line 37]
2012-06-03 23:00:15 Notice: Notice (8): Undefined variable: menus in [/var/www/html/track/app/views/elements/menu.ctp, line 3]
2012-06-03 23:00:15 Notice: Notice (8): Undefined variable: menus in [/var/www/html/track/app/views/elements/menu.ctp, line 18]
2012-06-03 23:00:15 Notice: Notice (8): Undefined variable: menus in [/var/www/html/track/app/views/elements/menu.ctp, line 37]
2012-06-03 23:00:15 Notice: Notice (8): Undefined variable: menus in [/var/www/html/track/app/views/elements/menu.ctp, line 3]
2012-06-03 23:00:15 Notice: Notice (8): Undefined variable: menus in [/var/www/html/track/app/views/elements/menu.ctp, line 18]
2012-06-03 23:00:15 Notice: Notice (8): Undefined variable: menus in [/var/www/html/track/app/views/elements/menu.ctp, line 37]
2012-06-03 23:00:17 Notice: Notice (8): Undefined variable: menus in [/var/www/html/track/app/views/elements/menu.ctp, line 3]
2012-06-03 23:00:17 Notice: Notice (8): Undefined variable: menus in [/var/www/html/track/app/views/elements/menu.ctp, line 18]
2012-06-03 23:00:17 Notice: Notice (8): Undefined variable: menus in [/var/www/html/track/app/views/elements/menu.ctp, line 37]
2012-06-03 23:00:17 Notice: Notice (8): Undefined variable: menus in [/var/www/html/track/app/views/elements/menu.ctp, line 3]
2012-06-03 23:00:17 Notice: Notice (8): Undefined variable: menus in [/var/www/html/track/app/views/elements/menu.ctp, line 18]
2012-06-03 23:00:17 Notice: Notice (8): Undefined variable: menus in [/var/www/html/track/app/views/elements/menu.ctp, line 37]
2012-06-03 23:00:30 Notice: Notice (8): Undefined variable: menus in [/var/www/html/track/app/views/elements/menu.ctp, line 3]
2012-06-03 23:00:30 Notice: Notice (8): Undefined variable: menus in [/var/www/html/track/app/views/elements/menu.ctp, line 18]
2012-06-03 23:00:30 Notice: Notice (8): Undefined variable: menus in [/var/www/html/track/app/views/elements/menu.ctp, line 37]
2012-06-03 23:00:31 Notice: Notice (8): Undefined variable: menus in [/var/www/html/track/app/views/elements/menu.ctp, line 3]
2012-06-03 23:00:31 Notice: Notice (8): Undefined variable: menus in [/var/www/html/track/app/views/elements/menu.ctp, line 18]
2012-06-03 23:00:31 Notice: Notice (8): Undefined variable: menus in [/var/www/html/track/app/views/elements/menu.ctp, line 37]
2012-06-03 23:00:42 Notice: Notice (8): Undefined variable: menus in [/var/www/html/track/app/views/elements/menu.ctp, line 3]
2012-06-03 23:00:42 Notice: Notice (8): Undefined variable: menus in [/var/www/html/track/app/views/elements/menu.ctp, line 18]
2012-06-03 23:00:42 Notice: Notice (8): Undefined variable: menus in [/var/www/html/track/app/views/elements/menu.ctp, line 37]
2012-06-03 23:00:42 Notice: Notice (8): Undefined variable: menus in [/var/www/html/track/app/views/elements/menu.ctp, line 3]
2012-06-03 23:00:42 Notice: Notice (8): Undefined variable: menus in [/var/www/html/track/app/views/elements/menu.ctp, line 18]
2012-06-03 23:00:42 Notice: Notice (8): Undefined variable: menus in [/var/www/html/track/app/views/elements/menu.ctp, line 37]
2012-06-03 23:00:43 Notice: Notice (8): Undefined variable: menus in [/var/www/html/track/app/views/elements/menu.ctp, line 3]
2012-06-03 23:00:43 Notice: Notice (8): Undefined variable: menus in [/var/www/html/track/app/views/elements/menu.ctp, line 18]
2012-06-03 23:00:43 Notice: Notice (8): Undefined variable: menus in [/var/www/html/track/app/views/elements/menu.ctp, line 37]
2012-06-03 23:00:44 Notice: Notice (8): Undefined variable: menus in [/var/www/html/track/app/views/elements/menu.ctp, line 3]
2012-06-03 23:00:44 Notice: Notice (8): Undefined variable: menus in [/var/www/html/track/app/views/elements/menu.ctp, line 18]
2012-06-03 23:00:44 Notice: Notice (8): Undefined variable: menus in [/var/www/html/track/app/views/elements/menu.ctp, line 37]
2012-06-03 23:00:49 Notice: Notice (8): Undefined variable: menus in [/var/www/html/track/app/views/elements/menu.ctp, line 3]
2012-06-03 23:00:49 Notice: Notice (8): Undefined variable: menus in [/var/www/html/track/app/views/elements/menu.ctp, line 18]
2012-06-03 23:00:49 Notice: Notice (8): Undefined variable: menus in [/var/www/html/track/app/views/elements/menu.ctp, line 37]
2012-06-03 23:00:49 Notice: Notice (8): Undefined variable: menus in [/var/www/html/track/app/views/elements/menu.ctp, line 3]
2012-06-03 23:00:49 Notice: Notice (8): Undefined variable: menus in [/var/www/html/track/app/views/elements/menu.ctp, line 18]
2012-06-03 23:00:49 Notice: Notice (8): Undefined variable: menus in [/var/www/html/track/app/views/elements/menu.ctp, line 37]
2012-06-03 23:01:10 Notice: Notice (8): Undefined variable: menus in [/var/www/html/track/app/views/elements/menu.ctp, line 3]
2012-06-03 23:01:10 Notice: Notice (8): Undefined variable: menus in [/var/www/html/track/app/views/elements/menu.ctp, line 18]
2012-06-03 23:01:10 Notice: Notice (8): Undefined variable: menus in [/var/www/html/track/app/views/elements/menu.ctp, line 37]
2012-06-03 23:01:12 Notice: Notice (8): Undefined variable: menus in [/var/www/html/track/app/views/elements/menu.ctp, line 3]
2012-06-03 23:01:12 Notice: Notice (8): Undefined variable: menus in [/var/www/html/track/app/views/elements/menu.ctp, line 18]
2012-06-03 23:01:12 Notice: Notice (8): Undefined variable: menus in [/var/www/html/track/app/views/elements/menu.ctp, line 37]
2012-06-03 23:01:12 Notice: Notice (8): Undefined variable: menus in [/var/www/html/track/app/views/elements/menu.ctp, line 3]
2012-06-03 23:01:12 Notice: Notice (8): Undefined variable: menus in [/var/www/html/track/app/views/elements/menu.ctp, line 18]
2012-06-03 23:01:12 Notice: Notice (8): Undefined variable: menus in [/var/www/html/track/app/views/elements/menu.ctp, line 37]
2012-06-03 23:01:14 Notice: Notice (8): Undefined variable: menus in [/var/www/html/track/app/views/elements/menu.ctp, line 3]
2012-06-03 23:01:14 Notice: Notice (8): Undefined variable: menus in [/var/www/html/track/app/views/elements/menu.ctp, line 18]
2012-06-03 23:01:14 Notice: Notice (8): Undefined variable: menus in [/var/www/html/track/app/views/elements/menu.ctp, line 37]
2012-06-03 23:01:14 Notice: Notice (8): Undefined variable: menus in [/var/www/html/track/app/views/elements/menu.ctp, line 3]
2012-06-03 23:01:14 Notice: Notice (8): Undefined variable: menus in [/var/www/html/track/app/views/elements/menu.ctp, line 18]
2012-06-03 23:01:14 Notice: Notice (8): Undefined variable: menus in [/var/www/html/track/app/views/elements/menu.ctp, line 37]
2012-06-03 23:01:15 Notice: Notice (8): Undefined variable: menus in [/var/www/html/track/app/views/elements/menu.ctp, line 3]
2012-06-03 23:01:15 Notice: Notice (8): Undefined variable: menus in [/var/www/html/track/app/views/elements/menu.ctp, line 18]
2012-06-03 23:01:15 Notice: Notice (8): Undefined variable: menus in [/var/www/html/track/app/views/elements/menu.ctp, line 37]
2012-06-03 23:01:15 Notice: Notice (8): Undefined variable: menus in [/var/www/html/track/app/views/elements/menu.ctp, line 3]
2012-06-03 23:01:15 Notice: Notice (8): Undefined variable: menus in [/var/www/html/track/app/views/elements/menu.ctp, line 18]
2012-06-03 23:01:15 Notice: Notice (8): Undefined variable: menus in [/var/www/html/track/app/views/elements/menu.ctp, line 37]
2012-06-03 23:01:27 Notice: Notice (8): Undefined variable: menus in [/var/www/html/track/app/views/elements/menu.ctp, line 3]
2012-06-03 23:01:27 Notice: Notice (8): Undefined variable: menus in [/var/www/html/track/app/views/elements/menu.ctp, line 18]
2012-06-03 23:01:27 Notice: Notice (8): Undefined variable: menus in [/var/www/html/track/app/views/elements/menu.ctp, line 37]
2012-06-03 23:01:30 Notice: Notice (8): Undefined variable: menus in [/var/www/html/track/app/views/elements/menu.ctp, line 3]
2012-06-03 23:01:30 Notice: Notice (8): Undefined variable: menus in [/var/www/html/track/app/views/elements/menu.ctp, line 18]
2012-06-03 23:01:30 Notice: Notice (8): Undefined variable: menus in [/var/www/html/track/app/views/elements/menu.ctp, line 37]
2012-06-03 23:01:30 Notice: Notice (8): Undefined variable: menus in [/var/www/html/track/app/views/elements/menu.ctp, line 3]
2012-06-03 23:01:30 Notice: Notice (8): Undefined variable: menus in [/var/www/html/track/app/views/elements/menu.ctp, line 18]
2012-06-03 23:01:30 Notice: Notice (8): Undefined variable: menus in [/var/www/html/track/app/views/elements/menu.ctp, line 37]
2012-06-03 23:01:31 Notice: Notice (8): Undefined variable: menus in [/var/www/html/track/app/views/elements/menu.ctp, line 3]
2012-06-03 23:01:31 Notice: Notice (8): Undefined variable: menus in [/var/www/html/track/app/views/elements/menu.ctp, line 18]
2012-06-03 23:01:31 Notice: Notice (8): Undefined variable: menus in [/var/www/html/track/app/views/elements/menu.ctp, line 37]
2012-06-03 23:01:31 Notice: Notice (8): Undefined variable: menus in [/var/www/html/track/app/views/elements/menu.ctp, line 3]
2012-06-03 23:01:31 Notice: Notice (8): Undefined variable: menus in [/var/www/html/track/app/views/elements/menu.ctp, line 18]
2012-06-03 23:01:31 Notice: Notice (8): Undefined variable: menus in [/var/www/html/track/app/views/elements/menu.ctp, line 37]
2012-06-03 23:01:41 Notice: Notice (8): Undefined variable: menus in [/var/www/html/track/app/views/elements/menu.ctp, line 3]
2012-06-03 23:01:41 Notice: Notice (8): Undefined variable: menus in [/var/www/html/track/app/views/elements/menu.ctp, line 18]
2012-06-03 23:01:41 Notice: Notice (8): Undefined variable: menus in [/var/www/html/track/app/views/elements/menu.ctp, line 37]
2012-06-03 23:01:41 Notice: Notice (8): Undefined variable: menus in [/var/www/html/track/app/views/elements/menu.ctp, line 3]
2012-06-03 23:01:41 Notice: Notice (8): Undefined variable: menus in [/var/www/html/track/app/views/elements/menu.ctp, line 18]
2012-06-03 23:01:41 Notice: Notice (8): Undefined variable: menus in [/var/www/html/track/app/views/elements/menu.ctp, line 37]
2012-06-03 23:02:23 Notice: Notice (8): Undefined variable: menus in [/var/www/html/track/app/views/elements/menu.ctp, line 3]
2012-06-03 23:02:23 Notice: Notice (8): Undefined variable: menus in [/var/www/html/track/app/views/elements/menu.ctp, line 18]
2012-06-03 23:02:23 Notice: Notice (8): Undefined variable: menus in [/var/www/html/track/app/views/elements/menu.ctp, line 37]
2012-06-03 23:02:23 Notice: Notice (8): Undefined variable: menus in [/var/www/html/track/app/views/elements/menu.ctp, line 3]
2012-06-03 23:02:23 Notice: Notice (8): Undefined variable: menus in [/var/www/html/track/app/views/elements/menu.ctp, line 18]
2012-06-03 23:02:23 Notice: Notice (8): Undefined variable: menus in [/var/www/html/track/app/views/elements/menu.ctp, line 37]
2012-06-03 23:02:29 Notice: Notice (8): Undefined variable: menus in [/var/www/html/track/app/views/elements/menu.ctp, line 3]
2012-06-03 23:02:29 Notice: Notice (8): Undefined variable: menus in [/var/www/html/track/app/views/elements/menu.ctp, line 18]
2012-06-03 23:02:29 Notice: Notice (8): Undefined variable: menus in [/var/www/html/track/app/views/elements/menu.ctp, line 37]
2012-06-03 23:02:29 Notice: Notice (8): Undefined variable: menus in [/var/www/html/track/app/views/elements/menu.ctp, line 3]
2012-06-03 23:02:29 Notice: Notice (8): Undefined variable: menus in [/var/www/html/track/app/views/elements/menu.ctp, line 18]
2012-06-03 23:02:29 Notice: Notice (8): Undefined variable: menus in [/var/www/html/track/app/views/elements/menu.ctp, line 37]
2012-06-03 23:09:53 Notice: Notice (8): Undefined variable: menus in [/var/www/html/track/app/views/elements/menu.ctp, line 3]
2012-06-03 23:09:53 Notice: Notice (8): Undefined variable: menus in [/var/www/html/track/app/views/elements/menu.ctp, line 18]
2012-06-03 23:09:53 Notice: Notice (8): Undefined variable: menus in [/var/www/html/track/app/views/elements/menu.ctp, line 37]
2012-06-03 23:09:53 Notice: Notice (8): Undefined variable: menus in [/var/www/html/track/app/views/elements/menu.ctp, line 3]
2012-06-03 23:09:53 Notice: Notice (8): Undefined variable: menus in [/var/www/html/track/app/views/elements/menu.ctp, line 18]
2012-06-03 23:09:53 Notice: Notice (8): Undefined variable: menus in [/var/www/html/track/app/views/elements/menu.ctp, line 37]
2012-06-03 23:13:17 Notice: Notice (8): Undefined variable: menus in [/var/www/html/track/app/views/elements/menu.ctp, line 3]
2012-06-03 23:13:17 Notice: Notice (8): Undefined variable: menus in [/var/www/html/track/app/views/elements/menu.ctp, line 18]
2012-06-03 23:13:17 Notice: Notice (8): Undefined variable: menus in [/var/www/html/track/app/views/elements/menu.ctp, line 37]
2012-06-03 23:13:17 Notice: Notice (8): Undefined variable: menus in [/var/www/html/track/app/views/elements/menu.ctp, line 3]
2012-06-03 23:13:17 Notice: Notice (8): Undefined variable: menus in [/var/www/html/track/app/views/elements/menu.ctp, line 18]
2012-06-03 23:13:17 Notice: Notice (8): Undefined variable: menus in [/var/www/html/track/app/views/elements/menu.ctp, line 37]
2012-06-03 23:13:18 Notice: Notice (8): Undefined variable: menus in [/var/www/html/track/app/views/elements/menu.ctp, line 3]
2012-06-03 23:13:18 Notice: Notice (8): Undefined variable: menus in [/var/www/html/track/app/views/elements/menu.ctp, line 18]
2012-06-03 23:13:18 Notice: Notice (8): Undefined variable: menus in [/var/www/html/track/app/views/elements/menu.ctp, line 37]
2012-06-03 23:13:19 Notice: Notice (8): Undefined variable: menus in [/var/www/html/track/app/views/elements/menu.ctp, line 3]
2012-06-03 23:13:19 Notice: Notice (8): Undefined variable: menus in [/var/www/html/track/app/views/elements/menu.ctp, line 18]
2012-06-03 23:13:19 Notice: Notice (8): Undefined variable: menus in [/var/www/html/track/app/views/elements/menu.ctp, line 37]
2012-06-03 23:13:29 Notice: Notice (8): Undefined variable: menus in [/var/www/html/track/app/views/elements/menu.ctp, line 3]
2012-06-03 23:13:29 Notice: Notice (8): Undefined variable: menus in [/var/www/html/track/app/views/elements/menu.ctp, line 18]
2012-06-03 23:13:29 Notice: Notice (8): Undefined variable: menus in [/var/www/html/track/app/views/elements/menu.ctp, line 37]
2012-06-03 23:13:29 Notice: Notice (8): Undefined variable: menus in [/var/www/html/track/app/views/elements/menu.ctp, line 3]
2012-06-03 23:13:29 Notice: Notice (8): Undefined variable: menus in [/var/www/html/track/app/views/elements/menu.ctp, line 18]
2012-06-03 23:13:29 Notice: Notice (8): Undefined variable: menus in [/var/www/html/track/app/views/elements/menu.ctp, line 37]
2012-06-03 23:13:31 Notice: Notice (8): Undefined variable: menus in [/var/www/html/track/app/views/elements/menu.ctp, line 3]
2012-06-03 23:13:31 Notice: Notice (8): Undefined variable: menus in [/var/www/html/track/app/views/elements/menu.ctp, line 18]
2012-06-03 23:13:31 Notice: Notice (8): Undefined variable: menus in [/var/www/html/track/app/views/elements/menu.ctp, line 37]
2012-06-03 23:13:31 Notice: Notice (8): Undefined variable: menus in [/var/www/html/track/app/views/elements/menu.ctp, line 3]
2012-06-03 23:13:31 Notice: Notice (8): Undefined variable: menus in [/var/www/html/track/app/views/elements/menu.ctp, line 18]
2012-06-03 23:13:31 Notice: Notice (8): Undefined variable: menus in [/var/www/html/track/app/views/elements/menu.ctp, line 37]
2012-06-03 23:15:06 Notice: Notice (8): Undefined variable: menus in [/var/www/html/track/app/views/elements/menu.ctp, line 3]
2012-06-03 23:15:06 Notice: Notice (8): Undefined variable: menus in [/var/www/html/track/app/views/elements/menu.ctp, line 18]
2012-06-03 23:15:06 Notice: Notice (8): Undefined variable: menus in [/var/www/html/track/app/views/elements/menu.ctp, line 37]
2012-06-03 23:15:06 Notice: Notice (8): Undefined variable: menus in [/var/www/html/track/app/views/elements/menu.ctp, line 3]
2012-06-03 23:15:06 Notice: Notice (8): Undefined variable: menus in [/var/www/html/track/app/views/elements/menu.ctp, line 18]
2012-06-03 23:15:06 Notice: Notice (8): Undefined variable: menus in [/var/www/html/track/app/views/elements/menu.ctp, line 37]
2012-06-03 23:15:14 Notice: Notice (8): Undefined variable: menus in [/var/www/html/track/app/views/elements/menu.ctp, line 3]
2012-06-03 23:15:14 Notice: Notice (8): Undefined variable: menus in [/var/www/html/track/app/views/elements/menu.ctp, line 18]
2012-06-03 23:15:14 Notice: Notice (8): Undefined variable: menus in [/var/www/html/track/app/views/elements/menu.ctp, line 37]
2012-06-03 23:15:14 Notice: Notice (8): Undefined variable: menus in [/var/www/html/track/app/views/elements/menu.ctp, line 3]
2012-06-03 23:15:14 Notice: Notice (8): Undefined variable: menus in [/var/www/html/track/app/views/elements/menu.ctp, line 18]
2012-06-03 23:15:14 Notice: Notice (8): Undefined variable: menus in [/var/www/html/track/app/views/elements/menu.ctp, line 37]
2012-06-03 23:17:23 Notice: Notice (8): Undefined variable: menus in [/var/www/html/track/app/views/elements/menu.ctp, line 3]
2012-06-03 23:17:23 Notice: Notice (8): Undefined variable: menus in [/var/www/html/track/app/views/elements/menu.ctp, line 18]
2012-06-03 23:17:23 Notice: Notice (8): Undefined variable: menus in [/var/www/html/track/app/views/elements/menu.ctp, line 37]
2012-06-03 23:17:23 Notice: Notice (8): Undefined variable: menus in [/var/www/html/track/app/views/elements/menu.ctp, line 3]
2012-06-03 23:17:23 Notice: Notice (8): Undefined variable: menus in [/var/www/html/track/app/views/elements/menu.ctp, line 18]
2012-06-03 23:17:23 Notice: Notice (8): Undefined variable: menus in [/var/www/html/track/app/views/elements/menu.ctp, line 37]
2012-06-03 23:17:48 Notice: Notice (8): Undefined variable: menus in [/var/www/html/track/app/views/elements/menu.ctp, line 3]
2012-06-03 23:17:48 Notice: Notice (8): Undefined variable: menus in [/var/www/html/track/app/views/elements/menu.ctp, line 18]
2012-06-03 23:17:48 Notice: Notice (8): Undefined variable: menus in [/var/www/html/track/app/views/elements/menu.ctp, line 37]
2012-06-03 23:17:49 Notice: Notice (8): Undefined variable: menus in [/var/www/html/track/app/views/elements/menu.ctp, line 3]
2012-06-03 23:17:49 Notice: Notice (8): Undefined variable: menus in [/var/www/html/track/app/views/elements/menu.ctp, line 18]
2012-06-03 23:17:49 Notice: Notice (8): Undefined variable: menus in [/var/www/html/track/app/views/elements/menu.ctp, line 37]
2012-06-03 23:20:19 Notice: Notice (8): Undefined variable: menus in [/var/www/html/track/app/views/elements/menu.ctp, line 3]
2012-06-03 23:20:19 Notice: Notice (8): Undefined variable: menus in [/var/www/html/track/app/views/elements/menu.ctp, line 18]
2012-06-03 23:20:19 Notice: Notice (8): Undefined variable: menus in [/var/www/html/track/app/views/elements/menu.ctp, line 37]
2012-06-03 23:20:19 Notice: Notice (8): Undefined variable: menus in [/var/www/html/track/app/views/elements/menu.ctp, line 3]
2012-06-03 23:20:19 Notice: Notice (8): Undefined variable: menus in [/var/www/html/track/app/views/elements/menu.ctp, line 18]
2012-06-03 23:20:19 Notice: Notice (8): Undefined variable: menus in [/var/www/html/track/app/views/elements/menu.ctp, line 37]
2012-06-03 23:22:53 Notice: Notice (8): Undefined variable: menus in [/var/www/html/track/app/views/elements/menu.ctp, line 3]
2012-06-03 23:22:53 Notice: Notice (8): Undefined variable: menus in [/var/www/html/track/app/views/elements/menu.ctp, line 18]
2012-06-03 23:22:53 Notice: Notice (8): Undefined variable: menus in [/var/www/html/track/app/views/elements/menu.ctp, line 37]
2012-06-03 23:22:53 Notice: Notice (8): Undefined variable: menus in [/var/www/html/track/app/views/elements/menu.ctp, line 3]
2012-06-03 23:22:53 Notice: Notice (8): Undefined variable: menus in [/var/www/html/track/app/views/elements/menu.ctp, line 18]
2012-06-03 23:22:53 Notice: Notice (8): Undefined variable: menus in [/var/www/html/track/app/views/elements/menu.ctp, line 37]
2012-06-03 23:24:26 Notice: Notice (8): Undefined variable: menus in [/var/www/html/track/app/views/elements/menu.ctp, line 3]
2012-06-03 23:24:26 Notice: Notice (8): Undefined variable: menus in [/var/www/html/track/app/views/elements/menu.ctp, line 18]
2012-06-03 23:24:26 Notice: Notice (8): Undefined variable: menus in [/var/www/html/track/app/views/elements/menu.ctp, line 37]
2012-06-03 23:24:27 Notice: Notice (8): Undefined variable: menus in [/var/www/html/track/app/views/elements/menu.ctp, line 3]
2012-06-03 23:24:27 Notice: Notice (8): Undefined variable: menus in [/var/www/html/track/app/views/elements/menu.ctp, line 18]
2012-06-03 23:24:27 Notice: Notice (8): Undefined variable: menus in [/var/www/html/track/app/views/elements/menu.ctp, line 37]
2012-06-03 23:25:35 Notice: Notice (8): Undefined variable: menus in [/var/www/html/track/app/views/elements/menu.ctp, line 3]
2012-06-03 23:25:35 Notice: Notice (8): Undefined variable: menus in [/var/www/html/track/app/views/elements/menu.ctp, line 18]
2012-06-03 23:25:35 Notice: Notice (8): Undefined variable: menus in [/var/www/html/track/app/views/elements/menu.ctp, line 37]
2012-06-03 23:25:35 Notice: Notice (8): Undefined variable: menus in [/var/www/html/track/app/views/elements/menu.ctp, line 3]
2012-06-03 23:25:35 Notice: Notice (8): Undefined variable: menus in [/var/www/html/track/app/views/elements/menu.ctp, line 18]
2012-06-03 23:25:35 Notice: Notice (8): Undefined variable: menus in [/var/www/html/track/app/views/elements/menu.ctp, line 37]
2012-06-03 23:26:18 Notice: Notice (8): Undefined variable: menus in [/var/www/html/track/app/views/elements/menu.ctp, line 3]
2012-06-03 23:26:18 Notice: Notice (8): Undefined variable: menus in [/var/www/html/track/app/views/elements/menu.ctp, line 18]
2012-06-03 23:26:18 Notice: Notice (8): Undefined variable: menus in [/var/www/html/track/app/views/elements/menu.ctp, line 37]
2012-06-03 23:26:18 Notice: Notice (8): Undefined variable: menus in [/var/www/html/track/app/views/elements/menu.ctp, line 3]
2012-06-03 23:26:18 Notice: Notice (8): Undefined variable: menus in [/var/www/html/track/app/views/elements/menu.ctp, line 18]
2012-06-03 23:26:18 Notice: Notice (8): Undefined variable: menus in [/var/www/html/track/app/views/elements/menu.ctp, line 37]
2012-06-03 23:27:50 Notice: Notice (8): Undefined variable: menus in [/var/www/html/track/app/views/elements/menu.ctp, line 3]
2012-06-03 23:27:50 Notice: Notice (8): Undefined variable: menus in [/var/www/html/track/app/views/elements/menu.ctp, line 18]
2012-06-03 23:27:50 Notice: Notice (8): Undefined variable: menus in [/var/www/html/track/app/views/elements/menu.ctp, line 37]
2012-06-03 23:27:50 Notice: Notice (8): Undefined variable: menus in [/var/www/html/track/app/views/elements/menu.ctp, line 3]
2012-06-03 23:27:50 Notice: Notice (8): Undefined variable: menus in [/var/www/html/track/app/views/elements/menu.ctp, line 18]
2012-06-03 23:27:50 Notice: Notice (8): Undefined variable: menus in [/var/www/html/track/app/views/elements/menu.ctp, line 37]
2012-06-03 23:28:58 Notice: Notice (8): Undefined variable: menus in [/var/www/html/track/app/views/elements/menu.ctp, line 3]
2012-06-03 23:28:58 Notice: Notice (8): Undefined variable: menus in [/var/www/html/track/app/views/elements/menu.ctp, line 18]
2012-06-03 23:28:58 Notice: Notice (8): Undefined variable: menus in [/var/www/html/track/app/views/elements/menu.ctp, line 37]
2012-06-03 23:28:59 Notice: Notice (8): Undefined variable: menus in [/var/www/html/track/app/views/elements/menu.ctp, line 3]
2012-06-03 23:28:59 Notice: Notice (8): Undefined variable: menus in [/var/www/html/track/app/views/elements/menu.ctp, line 18]
2012-06-03 23:28:59 Notice: Notice (8): Undefined variable: menus in [/var/www/html/track/app/views/elements/menu.ctp, line 37]
2012-06-03 23:29:09 Notice: Notice (8): Undefined variable: menus in [/var/www/html/track/app/views/elements/menu.ctp, line 3]
2012-06-03 23:29:09 Notice: Notice (8): Undefined variable: menus in [/var/www/html/track/app/views/elements/menu.ctp, line 18]
2012-06-03 23:29:09 Notice: Notice (8): Undefined variable: menus in [/var/www/html/track/app/views/elements/menu.ctp, line 37]
2012-06-03 23:29:09 Notice: Notice (8): Undefined variable: menus in [/var/www/html/track/app/views/elements/menu.ctp, line 3]
2012-06-03 23:29:09 Notice: Notice (8): Undefined variable: menus in [/var/www/html/track/app/views/elements/menu.ctp, line 18]
2012-06-03 23:29:09 Notice: Notice (8): Undefined variable: menus in [/var/www/html/track/app/views/elements/menu.ctp, line 37]
2012-06-03 23:29:39 Notice: Notice (8): Undefined variable: menus in [/var/www/html/track/app/views/elements/menu.ctp, line 3]
2012-06-03 23:29:39 Notice: Notice (8): Undefined variable: menus in [/var/www/html/track/app/views/elements/menu.ctp, line 18]
2012-06-03 23:29:39 Notice: Notice (8): Undefined variable: menus in [/var/www/html/track/app/views/elements/menu.ctp, line 37]
2012-06-03 23:29:39 Notice: Notice (8): Undefined variable: menus in [/var/www/html/track/app/views/elements/menu.ctp, line 3]
2012-06-03 23:29:39 Notice: Notice (8): Undefined variable: menus in [/var/www/html/track/app/views/elements/menu.ctp, line 18]
2012-06-03 23:29:39 Notice: Notice (8): Undefined variable: menus in [/var/www/html/track/app/views/elements/menu.ctp, line 37]
2012-06-03 23:29:46 Notice: Notice (8): Undefined variable: menus in [/var/www/html/track/app/views/elements/menu.ctp, line 3]
2012-06-03 23:29:46 Notice: Notice (8): Undefined variable: menus in [/var/www/html/track/app/views/elements/menu.ctp, line 18]
2012-06-03 23:29:46 Notice: Notice (8): Undefined variable: menus in [/var/www/html/track/app/views/elements/menu.ctp, line 37]
2012-06-03 23:29:46 Notice: Notice (8): Undefined variable: menus in [/var/www/html/track/app/views/elements/menu.ctp, line 3]
2012-06-03 23:29:46 Notice: Notice (8): Undefined variable: menus in [/var/www/html/track/app/views/elements/menu.ctp, line 18]
2012-06-03 23:29:46 Notice: Notice (8): Undefined variable: menus in [/var/www/html/track/app/views/elements/menu.ctp, line 37]
2012-06-03 23:29:48 Notice: Notice (8): Undefined variable: menus in [/var/www/html/track/app/views/elements/menu.ctp, line 3]
2012-06-03 23:29:48 Notice: Notice (8): Undefined variable: menus in [/var/www/html/track/app/views/elements/menu.ctp, line 18]
2012-06-03 23:29:48 Notice: Notice (8): Undefined variable: menus in [/var/www/html/track/app/views/elements/menu.ctp, line 37]
2012-06-03 23:29:48 Notice: Notice (8): Undefined variable: menus in [/var/www/html/track/app/views/elements/menu.ctp, line 3]
2012-06-03 23:29:48 Notice: Notice (8): Undefined variable: menus in [/var/www/html/track/app/views/elements/menu.ctp, line 18]
2012-06-03 23:29:48 Notice: Notice (8): Undefined variable: menus in [/var/www/html/track/app/views/elements/menu.ctp, line 37]
2012-06-03 23:29:54 Notice: Notice (8): Undefined variable: menus in [/var/www/html/track/app/views/elements/menu.ctp, line 3]
2012-06-03 23:29:54 Notice: Notice (8): Undefined variable: menus in [/var/www/html/track/app/views/elements/menu.ctp, line 18]
2012-06-03 23:29:54 Notice: Notice (8): Undefined variable: menus in [/var/www/html/track/app/views/elements/menu.ctp, line 37]
2012-06-03 23:29:54 Notice: Notice (8): Undefined variable: menus in [/var/www/html/track/app/views/elements/menu.ctp, line 3]
2012-06-03 23:29:54 Notice: Notice (8): Undefined variable: menus in [/var/www/html/track/app/views/elements/menu.ctp, line 18]
2012-06-03 23:29:54 Notice: Notice (8): Undefined variable: menus in [/var/www/html/track/app/views/elements/menu.ctp, line 37]
2012-06-03 23:29:59 Notice: Notice (8): Undefined variable: menus in [/var/www/html/track/app/views/elements/menu.ctp, line 3]
2012-06-03 23:29:59 Notice: Notice (8): Undefined variable: menus in [/var/www/html/track/app/views/elements/menu.ctp, line 18]
2012-06-03 23:29:59 Notice: Notice (8): Undefined variable: menus in [/var/www/html/track/app/views/elements/menu.ctp, line 37]
2012-06-03 23:29:59 Notice: Notice (8): Undefined variable: menus in [/var/www/html/track/app/views/elements/menu.ctp, line 3]
2012-06-03 23:29:59 Notice: Notice (8): Undefined variable: menus in [/var/www/html/track/app/views/elements/menu.ctp, line 18]
2012-06-03 23:29:59 Notice: Notice (8): Undefined variable: menus in [/var/www/html/track/app/views/elements/menu.ctp, line 37]
2012-06-03 23:30:00 Notice: Notice (8): Undefined variable: menus in [/var/www/html/track/app/views/elements/menu.ctp, line 3]
2012-06-03 23:30:00 Notice: Notice (8): Undefined variable: menus in [/var/www/html/track/app/views/elements/menu.ctp, line 18]
2012-06-03 23:30:00 Notice: Notice (8): Undefined variable: menus in [/var/www/html/track/app/views/elements/menu.ctp, line 37]
2012-06-03 23:30:01 Notice: Notice (8): Undefined variable: menus in [/var/www/html/track/app/views/elements/menu.ctp, line 3]
2012-06-03 23:30:01 Notice: Notice (8): Undefined variable: menus in [/var/www/html/track/app/views/elements/menu.ctp, line 18]
2012-06-03 23:30:01 Notice: Notice (8): Undefined variable: menus in [/var/www/html/track/app/views/elements/menu.ctp, line 37]
2012-06-03 23:30:07 Notice: Notice (8): Undefined variable: menus in [/var/www/html/track/app/views/elements/menu.ctp, line 3]
2012-06-03 23:30:07 Notice: Notice (8): Undefined variable: menus in [/var/www/html/track/app/views/elements/menu.ctp, line 18]
2012-06-03 23:30:07 Notice: Notice (8): Undefined variable: menus in [/var/www/html/track/app/views/elements/menu.ctp, line 37]
2012-06-03 23:30:07 Notice: Notice (8): Undefined variable: menus in [/var/www/html/track/app/views/elements/menu.ctp, line 3]
2012-06-03 23:30:07 Notice: Notice (8): Undefined variable: menus in [/var/www/html/track/app/views/elements/menu.ctp, line 18]
2012-06-03 23:30:07 Notice: Notice (8): Undefined variable: menus in [/var/www/html/track/app/views/elements/menu.ctp, line 37]
2012-06-03 23:30:12 Notice: Notice (8): Undefined variable: menus in [/var/www/html/track/app/views/elements/menu.ctp, line 3]
2012-06-03 23:30:12 Notice: Notice (8): Undefined variable: menus in [/var/www/html/track/app/views/elements/menu.ctp, line 18]
2012-06-03 23:30:12 Notice: Notice (8): Undefined variable: menus in [/var/www/html/track/app/views/elements/menu.ctp, line 37]
2012-06-03 23:30:12 Notice: Notice (8): Undefined variable: menus in [/var/www/html/track/app/views/elements/menu.ctp, line 3]
2012-06-03 23:30:12 Notice: Notice (8): Undefined variable: menus in [/var/www/html/track/app/views/elements/menu.ctp, line 18]
2012-06-03 23:30:12 Notice: Notice (8): Undefined variable: menus in [/var/www/html/track/app/views/elements/menu.ctp, line 37]
2012-06-03 23:30:14 Notice: Notice (8): Undefined variable: menus in [/var/www/html/track/app/views/elements/menu.ctp, line 3]
2012-06-03 23:30:14 Notice: Notice (8): Undefined variable: menus in [/var/www/html/track/app/views/elements/menu.ctp, line 18]
2012-06-03 23:30:14 Notice: Notice (8): Undefined variable: menus in [/var/www/html/track/app/views/elements/menu.ctp, line 37]
2012-06-03 23:30:14 Notice: Notice (8): Undefined variable: menus in [/var/www/html/track/app/views/elements/menu.ctp, line 3]
2012-06-03 23:30:14 Notice: Notice (8): Undefined variable: menus in [/var/www/html/track/app/views/elements/menu.ctp, line 18]
2012-06-03 23:30:14 Notice: Notice (8): Undefined variable: menus in [/var/www/html/track/app/views/elements/menu.ctp, line 37]
2012-06-03 23:30:17 Notice: Notice (8): Undefined variable: menus in [/var/www/html/track/app/views/elements/menu.ctp, line 3]
2012-06-03 23:30:17 Notice: Notice (8): Undefined variable: menus in [/var/www/html/track/app/views/elements/menu.ctp, line 18]
2012-06-03 23:30:17 Notice: Notice (8): Undefined variable: menus in [/var/www/html/track/app/views/elements/menu.ctp, line 37]
2012-06-03 23:30:17 Notice: Notice (8): Undefined variable: menus in [/var/www/html/track/app/views/elements/menu.ctp, line 3]
2012-06-03 23:30:17 Notice: Notice (8): Undefined variable: menus in [/var/www/html/track/app/views/elements/menu.ctp, line 18]
2012-06-03 23:30:17 Notice: Notice (8): Undefined variable: menus in [/var/www/html/track/app/views/elements/menu.ctp, line 37]
2012-06-03 23:30:23 Notice: Notice (8): Undefined variable: menus in [/var/www/html/track/app/views/elements/menu.ctp, line 3]
2012-06-03 23:30:23 Notice: Notice (8): Undefined variable: menus in [/var/www/html/track/app/views/elements/menu.ctp, line 18]
2012-06-03 23:30:23 Notice: Notice (8): Undefined variable: menus in [/var/www/html/track/app/views/elements/menu.ctp, line 37]
2012-06-03 23:30:23 Notice: Notice (8): Undefined variable: menus in [/var/www/html/track/app/views/elements/menu.ctp, line 3]
2012-06-03 23:30:23 Notice: Notice (8): Undefined variable: menus in [/var/www/html/track/app/views/elements/menu.ctp, line 18]
2012-06-03 23:30:23 Notice: Notice (8): Undefined variable: menus in [/var/www/html/track/app/views/elements/menu.ctp, line 37]
2012-06-03 23:30:26 Notice: Notice (8): Undefined variable: menus in [/var/www/html/track/app/views/elements/menu.ctp, line 3]
2012-06-03 23:30:26 Notice: Notice (8): Undefined variable: menus in [/var/www/html/track/app/views/elements/menu.ctp, line 18]
2012-06-03 23:30:26 Notice: Notice (8): Undefined variable: menus in [/var/www/html/track/app/views/elements/menu.ctp, line 37]
2012-06-03 23:30:27 Notice: Notice (8): Undefined variable: menus in [/var/www/html/track/app/views/elements/menu.ctp, line 3]
2012-06-03 23:30:27 Notice: Notice (8): Undefined variable: menus in [/var/www/html/track/app/views/elements/menu.ctp, line 18]
2012-06-03 23:30:27 Notice: Notice (8): Undefined variable: menus in [/var/www/html/track/app/views/elements/menu.ctp, line 37]
2012-06-03 23:30:28 Notice: Notice (8): Undefined variable: menus in [/var/www/html/track/app/views/elements/menu.ctp, line 3]
2012-06-03 23:30:28 Notice: Notice (8): Undefined variable: menus in [/var/www/html/track/app/views/elements/menu.ctp, line 18]
2012-06-03 23:30:28 Notice: Notice (8): Undefined variable: menus in [/var/www/html/track/app/views/elements/menu.ctp, line 37]
2012-06-03 23:30:28 Notice: Notice (8): Undefined variable: menus in [/var/www/html/track/app/views/elements/menu.ctp, line 3]
2012-06-03 23:30:28 Notice: Notice (8): Undefined variable: menus in [/var/www/html/track/app/views/elements/menu.ctp, line 18]
2012-06-03 23:30:28 Notice: Notice (8): Undefined variable: menus in [/var/www/html/track/app/views/elements/menu.ctp, line 37]
2012-06-03 23:30:39 Notice: Notice (8): Undefined variable: menus in [/var/www/html/track/app/views/elements/menu.ctp, line 3]
2012-06-03 23:30:39 Notice: Notice (8): Undefined variable: menus in [/var/www/html/track/app/views/elements/menu.ctp, line 18]
2012-06-03 23:30:39 Notice: Notice (8): Undefined variable: menus in [/var/www/html/track/app/views/elements/menu.ctp, line 37]
2012-06-03 23:30:39 Notice: Notice (8): Undefined variable: menus in [/var/www/html/track/app/views/elements/menu.ctp, line 3]
2012-06-03 23:30:39 Notice: Notice (8): Undefined variable: menus in [/var/www/html/track/app/views/elements/menu.ctp, line 18]
2012-06-03 23:30:39 Notice: Notice (8): Undefined variable: menus in [/var/www/html/track/app/views/elements/menu.ctp, line 37]
2012-06-03 23:30:42 Notice: Notice (8): Undefined variable: menus in [/var/www/html/track/app/views/elements/menu.ctp, line 3]
2012-06-03 23:30:42 Notice: Notice (8): Undefined variable: menus in [/var/www/html/track/app/views/elements/menu.ctp, line 18]
2012-06-03 23:30:42 Notice: Notice (8): Undefined variable: menus in [/var/www/html/track/app/views/elements/menu.ctp, line 37]
2012-06-03 23:30:42 Notice: Notice (8): Undefined variable: menus in [/var/www/html/track/app/views/elements/menu.ctp, line 3]
2012-06-03 23:30:42 Notice: Notice (8): Undefined variable: menus in [/var/www/html/track/app/views/elements/menu.ctp, line 18]
2012-06-03 23:30:42 Notice: Notice (8): Undefined variable: menus in [/var/www/html/track/app/views/elements/menu.ctp, line 37]
2012-06-03 23:30:52 Notice: Notice (8): Undefined variable: menus in [/var/www/html/track/app/views/elements/menu.ctp, line 3]
2012-06-03 23:30:52 Notice: Notice (8): Undefined variable: menus in [/var/www/html/track/app/views/elements/menu.ctp, line 18]
2012-06-03 23:30:52 Notice: Notice (8): Undefined variable: menus in [/var/www/html/track/app/views/elements/menu.ctp, line 37]
2012-06-03 23:30:52 Notice: Notice (8): Undefined variable: menus in [/var/www/html/track/app/views/elements/menu.ctp, line 3]
2012-06-03 23:30:52 Notice: Notice (8): Undefined variable: menus in [/var/www/html/track/app/views/elements/menu.ctp, line 18]
2012-06-03 23:30:53 Notice: Notice (8): Undefined variable: menus in [/var/www/html/track/app/views/elements/menu.ctp, line 37]
2012-06-03 23:30:56 Notice: Notice (8): Undefined variable: menus in [/var/www/html/track/app/views/elements/menu.ctp, line 3]
2012-06-03 23:30:56 Notice: Notice (8): Undefined variable: menus in [/var/www/html/track/app/views/elements/menu.ctp, line 18]
2012-06-03 23:30:56 Notice: Notice (8): Undefined variable: menus in [/var/www/html/track/app/views/elements/menu.ctp, line 37]
2012-06-03 23:30:57 Notice: Notice (8): Undefined variable: menus in [/var/www/html/track/app/views/elements/menu.ctp, line 3]
2012-06-03 23:30:57 Notice: Notice (8): Undefined variable: menus in [/var/www/html/track/app/views/elements/menu.ctp, line 18]
2012-06-03 23:30:57 Notice: Notice (8): Undefined variable: menus in [/var/www/html/track/app/views/elements/menu.ctp, line 37]
2012-06-03 23:31:11 Notice: Notice (8): Undefined variable: menus in [/var/www/html/track/app/views/elements/menu.ctp, line 3]
2012-06-03 23:31:11 Notice: Notice (8): Undefined variable: menus in [/var/www/html/track/app/views/elements/menu.ctp, line 18]
2012-06-03 23:31:11 Notice: Notice (8): Undefined variable: menus in [/var/www/html/track/app/views/elements/menu.ctp, line 37]
2012-06-03 23:31:11 Notice: Notice (8): Undefined variable: menus in [/var/www/html/track/app/views/elements/menu.ctp, line 3]
2012-06-03 23:31:11 Notice: Notice (8): Undefined variable: menus in [/var/www/html/track/app/views/elements/menu.ctp, line 18]
2012-06-03 23:31:11 Notice: Notice (8): Undefined variable: menus in [/var/www/html/track/app/views/elements/menu.ctp, line 37]
2012-06-03 23:31:13 Notice: Notice (8): Undefined variable: menus in [/var/www/html/track/app/views/elements/menu.ctp, line 3]
2012-06-03 23:31:13 Notice: Notice (8): Undefined variable: menus in [/var/www/html/track/app/views/elements/menu.ctp, line 18]
2012-06-03 23:31:13 Notice: Notice (8): Undefined variable: menus in [/var/www/html/track/app/views/elements/menu.ctp, line 37]
2012-06-03 23:31:14 Notice: Notice (8): Undefined variable: menus in [/var/www/html/track/app/views/elements/menu.ctp, line 3]
2012-06-03 23:31:14 Notice: Notice (8): Undefined variable: menus in [/var/www/html/track/app/views/elements/menu.ctp, line 18]
2012-06-03 23:31:14 Notice: Notice (8): Undefined variable: menus in [/var/www/html/track/app/views/elements/menu.ctp, line 37]
2012-06-03 23:31:15 Notice: Notice (8): Undefined variable: menus in [/var/www/html/track/app/views/elements/menu.ctp, line 3]
2012-06-03 23:31:15 Notice: Notice (8): Undefined variable: menus in [/var/www/html/track/app/views/elements/menu.ctp, line 18]
2012-06-03 23:31:15 Notice: Notice (8): Undefined variable: menus in [/var/www/html/track/app/views/elements/menu.ctp, line 37]
2012-06-03 23:31:15 Notice: Notice (8): Undefined variable: menus in [/var/www/html/track/app/views/elements/menu.ctp, line 3]
2012-06-03 23:31:15 Notice: Notice (8): Undefined variable: menus in [/var/www/html/track/app/views/elements/menu.ctp, line 18]
2012-06-03 23:31:15 Notice: Notice (8): Undefined variable: menus in [/var/www/html/track/app/views/elements/menu.ctp, line 37]
2012-06-03 23:31:16 Notice: Notice (8): Undefined variable: menus in [/var/www/html/track/app/views/elements/menu.ctp, line 3]
2012-06-03 23:31:16 Notice: Notice (8): Undefined variable: menus in [/var/www/html/track/app/views/elements/menu.ctp, line 18]
2012-06-03 23:31:16 Notice: Notice (8): Undefined variable: menus in [/var/www/html/track/app/views/elements/menu.ctp, line 37]
2012-06-03 23:31:16 Notice: Notice (8): Undefined variable: menus in [/var/www/html/track/app/views/elements/menu.ctp, line 3]
2012-06-03 23:31:16 Notice: Notice (8): Undefined variable: menus in [/var/www/html/track/app/views/elements/menu.ctp, line 18]
2012-06-03 23:31:16 Notice: Notice (8): Undefined variable: menus in [/var/www/html/track/app/views/elements/menu.ctp, line 37]
2012-06-03 23:31:20 Notice: Notice (8): Undefined variable: menus in [/var/www/html/track/app/views/elements/menu.ctp, line 3]
2012-06-03 23:31:20 Notice: Notice (8): Undefined variable: menus in [/var/www/html/track/app/views/elements/menu.ctp, line 18]
2012-06-03 23:31:20 Notice: Notice (8): Undefined variable: menus in [/var/www/html/track/app/views/elements/menu.ctp, line 37]
2012-06-03 23:31:20 Notice: Notice (8): Undefined variable: menus in [/var/www/html/track/app/views/elements/menu.ctp, line 3]
2012-06-03 23:31:20 Notice: Notice (8): Undefined variable: menus in [/var/www/html/track/app/views/elements/menu.ctp, line 18]
2012-06-03 23:31:20 Notice: Notice (8): Undefined variable: menus in [/var/www/html/track/app/views/elements/menu.ctp, line 37]
2012-06-03 23:31:30 Notice: Notice (8): Undefined variable: menus in [/var/www/html/track/app/views/elements/menu.ctp, line 3]
2012-06-03 23:31:30 Notice: Notice (8): Undefined variable: menus in [/var/www/html/track/app/views/elements/menu.ctp, line 18]
2012-06-03 23:31:30 Notice: Notice (8): Undefined variable: menus in [/var/www/html/track/app/views/elements/menu.ctp, line 37]
2012-06-03 23:31:30 Notice: Notice (8): Undefined variable: menus in [/var/www/html/track/app/views/elements/menu.ctp, line 3]
2012-06-03 23:31:30 Notice: Notice (8): Undefined variable: menus in [/var/www/html/track/app/views/elements/menu.ctp, line 18]
2012-06-03 23:31:30 Notice: Notice (8): Undefined variable: menus in [/var/www/html/track/app/views/elements/menu.ctp, line 37]
2012-06-03 23:31:34 Notice: Notice (8): Undefined variable: menus in [/var/www/html/track/app/views/elements/menu.ctp, line 3]
2012-06-03 23:31:34 Notice: Notice (8): Undefined variable: menus in [/var/www/html/track/app/views/elements/menu.ctp, line 18]
2012-06-03 23:31:34 Notice: Notice (8): Undefined variable: menus in [/var/www/html/track/app/views/elements/menu.ctp, line 37]
2012-06-03 23:31:34 Notice: Notice (8): Undefined variable: menus in [/var/www/html/track/app/views/elements/menu.ctp, line 3]
2012-06-03 23:31:34 Notice: Notice (8): Undefined variable: menus in [/var/www/html/track/app/views/elements/menu.ctp, line 18]
2012-06-03 23:31:34 Notice: Notice (8): Undefined variable: menus in [/var/www/html/track/app/views/elements/menu.ctp, line 37]
2012-06-03 23:31:39 Notice: Notice (8): Undefined variable: menus in [/var/www/html/track/app/views/elements/menu.ctp, line 3]
2012-06-03 23:31:39 Notice: Notice (8): Undefined variable: menus in [/var/www/html/track/app/views/elements/menu.ctp, line 18]
2012-06-03 23:31:39 Notice: Notice (8): Undefined variable: menus in [/var/www/html/track/app/views/elements/menu.ctp, line 37]
2012-06-03 23:31:39 Notice: Notice (8): Undefined variable: menus in [/var/www/html/track/app/views/elements/menu.ctp, line 3]
2012-06-03 23:31:39 Notice: Notice (8): Undefined variable: menus in [/var/www/html/track/app/views/elements/menu.ctp, line 18]
2012-06-03 23:31:39 Notice: Notice (8): Undefined variable: menus in [/var/www/html/track/app/views/elements/menu.ctp, line 37]
2012-06-03 23:31:41 Notice: Notice (8): Undefined variable: menus in [/var/www/html/track/app/views/elements/menu.ctp, line 3]
2012-06-03 23:31:41 Notice: Notice (8): Undefined variable: menus in [/var/www/html/track/app/views/elements/menu.ctp, line 18]
2012-06-03 23:31:41 Notice: Notice (8): Undefined variable: menus in [/var/www/html/track/app/views/elements/menu.ctp, line 37]
2012-06-03 23:31:41 Notice: Notice (8): Undefined variable: menus in [/var/www/html/track/app/views/elements/menu.ctp, line 3]
2012-06-03 23:31:41 Notice: Notice (8): Undefined variable: menus in [/var/www/html/track/app/views/elements/menu.ctp, line 18]
2012-06-03 23:31:41 Notice: Notice (8): Undefined variable: menus in [/var/www/html/track/app/views/elements/menu.ctp, line 37]
2012-06-03 23:31:44 Notice: Notice (8): Undefined variable: menus in [/var/www/html/track/app/views/elements/menu.ctp, line 3]
2012-06-03 23:31:44 Notice: Notice (8): Undefined variable: menus in [/var/www/html/track/app/views/elements/menu.ctp, line 18]
2012-06-03 23:31:44 Notice: Notice (8): Undefined variable: menus in [/var/www/html/track/app/views/elements/menu.ctp, line 37]
2012-06-03 23:31:44 Notice: Notice (8): Undefined variable: menus in [/var/www/html/track/app/views/elements/menu.ctp, line 3]
2012-06-03 23:31:44 Notice: Notice (8): Undefined variable: menus in [/var/www/html/track/app/views/elements/menu.ctp, line 18]
2012-06-03 23:31:44 Notice: Notice (8): Undefined variable: menus in [/var/www/html/track/app/views/elements/menu.ctp, line 37]
2012-06-03 23:31:59 Notice: Notice (8): Undefined variable: menus in [/var/www/html/track/app/views/elements/menu.ctp, line 3]
2012-06-03 23:31:59 Notice: Notice (8): Undefined variable: menus in [/var/www/html/track/app/views/elements/menu.ctp, line 18]
2012-06-03 23:31:59 Notice: Notice (8): Undefined variable: menus in [/var/www/html/track/app/views/elements/menu.ctp, line 37]
2012-06-03 23:31:59 Notice: Notice (8): Undefined variable: menus in [/var/www/html/track/app/views/elements/menu.ctp, line 3]
2012-06-03 23:31:59 Notice: Notice (8): Undefined variable: menus in [/var/www/html/track/app/views/elements/menu.ctp, line 18]
2012-06-03 23:31:59 Notice: Notice (8): Undefined variable: menus in [/var/www/html/track/app/views/elements/menu.ctp, line 37]
2012-06-03 23:32:59 Notice: Notice (8): Undefined variable: menus in [/var/www/html/track/app/views/elements/menu.ctp, line 3]
2012-06-03 23:32:59 Notice: Notice (8): Undefined variable: menus in [/var/www/html/track/app/views/elements/menu.ctp, line 18]
2012-06-03 23:32:59 Notice: Notice (8): Undefined variable: menus in [/var/www/html/track/app/views/elements/menu.ctp, line 37]
2012-06-03 23:32:59 Notice: Notice (8): Undefined variable: menus in [/var/www/html/track/app/views/elements/menu.ctp, line 3]
2012-06-03 23:32:59 Notice: Notice (8): Undefined variable: menus in [/var/www/html/track/app/views/elements/menu.ctp, line 18]
2012-06-03 23:32:59 Notice: Notice (8): Undefined variable: menus in [/var/www/html/track/app/views/elements/menu.ctp, line 37]
2012-06-03 23:33:23 Notice: Notice (8): Undefined variable: menus in [/var/www/html/track/app/views/elements/menu.ctp, line 3]
2012-06-03 23:33:23 Notice: Notice (8): Undefined variable: menus in [/var/www/html/track/app/views/elements/menu.ctp, line 18]
2012-06-03 23:33:23 Notice: Notice (8): Undefined variable: menus in [/var/www/html/track/app/views/elements/menu.ctp, line 37]
2012-06-03 23:33:23 Notice: Notice (8): Undefined variable: menus in [/var/www/html/track/app/views/elements/menu.ctp, line 3]
2012-06-03 23:33:23 Notice: Notice (8): Undefined variable: menus in [/var/www/html/track/app/views/elements/menu.ctp, line 18]
2012-06-03 23:33:23 Notice: Notice (8): Undefined variable: menus in [/var/www/html/track/app/views/elements/menu.ctp, line 37]
2012-06-03 23:33:26 Notice: Notice (8): Undefined variable: menus in [/var/www/html/track/app/views/elements/menu.ctp, line 3]
2012-06-03 23:33:26 Notice: Notice (8): Undefined variable: menus in [/var/www/html/track/app/views/elements/menu.ctp, line 18]
2012-06-03 23:33:26 Notice: Notice (8): Undefined variable: menus in [/var/www/html/track/app/views/elements/menu.ctp, line 37]
2012-06-03 23:33:27 Notice: Notice (8): Undefined variable: menus in [/var/www/html/track/app/views/elements/menu.ctp, line 3]
2012-06-03 23:33:27 Notice: Notice (8): Undefined variable: menus in [/var/www/html/track/app/views/elements/menu.ctp, line 18]
2012-06-03 23:33:27 Notice: Notice (8): Undefined variable: menus in [/var/www/html/track/app/views/elements/menu.ctp, line 37]
2012-06-03 23:33:28 Notice: Notice (8): Undefined variable: menus in [/var/www/html/track/app/views/elements/menu.ctp, line 3]
2012-06-03 23:33:28 Notice: Notice (8): Undefined variable: menus in [/var/www/html/track/app/views/elements/menu.ctp, line 18]
2012-06-03 23:33:28 Notice: Notice (8): Undefined variable: menus in [/var/www/html/track/app/views/elements/menu.ctp, line 37]
2012-06-03 23:33:29 Notice: Notice (8): Undefined variable: menus in [/var/www/html/track/app/views/elements/menu.ctp, line 3]
2012-06-03 23:33:29 Notice: Notice (8): Undefined variable: menus in [/var/www/html/track/app/views/elements/menu.ctp, line 18]
2012-06-03 23:33:29 Notice: Notice (8): Undefined variable: menus in [/var/www/html/track/app/views/elements/menu.ctp, line 37]
2012-06-03 23:33:30 Notice: Notice (8): Undefined variable: menus in [/var/www/html/track/app/views/elements/menu.ctp, line 3]
2012-06-03 23:33:30 Notice: Notice (8): Undefined variable: menus in [/var/www/html/track/app/views/elements/menu.ctp, line 18]
2012-06-03 23:33:30 Notice: Notice (8): Undefined variable: menus in [/var/www/html/track/app/views/elements/menu.ctp, line 37]
2012-06-03 23:33:31 Notice: Notice (8): Undefined variable: menus in [/var/www/html/track/app/views/elements/menu.ctp, line 3]
2012-06-03 23:33:31 Notice: Notice (8): Undefined variable: menus in [/var/www/html/track/app/views/elements/menu.ctp, line 18]
2012-06-03 23:33:31 Notice: Notice (8): Undefined variable: menus in [/var/www/html/track/app/views/elements/menu.ctp, line 37]
2012-06-03 23:34:34 Notice: Notice (8): Undefined variable: menus in [/var/www/html/track/app/views/elements/menu.ctp, line 3]
2012-06-03 23:34:34 Notice: Notice (8): Undefined variable: menus in [/var/www/html/track/app/views/elements/menu.ctp, line 18]
2012-06-03 23:34:34 Notice: Notice (8): Undefined variable: menus in [/var/www/html/track/app/views/elements/menu.ctp, line 37]
2012-06-03 23:34:34 Notice: Notice (8): Undefined variable: menus in [/var/www/html/track/app/views/elements/menu.ctp, line 3]
2012-06-03 23:34:34 Notice: Notice (8): Undefined variable: menus in [/var/www/html/track/app/views/elements/menu.ctp, line 18]
2012-06-03 23:34:34 Notice: Notice (8): Undefined variable: menus in [/var/www/html/track/app/views/elements/menu.ctp, line 37]
2012-06-03 23:34:35 Notice: Notice (8): Undefined variable: menus in [/var/www/html/track/app/views/elements/menu.ctp, line 3]
2012-06-03 23:34:35 Notice: Notice (8): Undefined variable: menus in [/var/www/html/track/app/views/elements/menu.ctp, line 18]
2012-06-03 23:34:35 Notice: Notice (8): Undefined variable: menus in [/var/www/html/track/app/views/elements/menu.ctp, line 37]
2012-06-03 23:34:36 Notice: Notice (8): Undefined variable: menus in [/var/www/html/track/app/views/elements/menu.ctp, line 3]
2012-06-03 23:34:36 Notice: Notice (8): Undefined variable: menus in [/var/www/html/track/app/views/elements/menu.ctp, line 18]
2012-06-03 23:34:36 Notice: Notice (8): Undefined variable: menus in [/var/www/html/track/app/views/elements/menu.ctp, line 37]
