[ 2011-07-03 02:34:12 ]:  SMSparser: Sending request (procesSMS): Message: Test message  MSGUID: 1309656852  Caller: +19193604046
[ 2011-07-03 02:34:12 ]:  SMSparser: Received reply (procesSMS): Error: action code TEST not valid. Please correct and resend 

[ 2011-07-03 02:34:12 ]:  SMSparser output: szHeader: HTTP/1.1 200 OK
Content-Type: text/xml;charset=UTF-8
Content-Length: 286


[ 2011-07-03 02:34:12 ]:  SMSparser output: szXML: <?xml version='1.0' encoding='UTF-8'?><smsresponse><destination>+19193604046</destination><mensaje>Error: action code TEST not valid. Please correct and resend 
</mensaje><simid>5493773475882</simid><msguid>1309656852</msguid><retcodigo></retcodigo><extradata></extradata></smsresponse>
[ 2011-07-03 11:19:27 ]:  processSMS: Insufficient parameters: 1
[ 2011-07-03 15:45:15 ]:  processSMS: OPID not found: 
[ 2011-07-03 15:48:39 ]:  processSMS: OPID not found: 
[ 2011-07-03 16:02:15 ]:  processSMS: OPID not found: 
[ 2011-07-03 16:29:15 ]:  processSMS: OPID not found: 
[ 2011-07-03 16:31:15 ]:  processSMS: PID not found: 1
[ 2011-07-03 16:33:15 ]:  processSMS: PID not found: 1
[ 2011-07-05 11:43:06 ]:  processSMS: OPID not found: 
[ 2011-07-05 11:44:04 ]:  processSMS: OPID not found: 
[ 2011-07-05 11:45:05 ]:  processSMS: OPID not found: 
[ 2011-07-05 11:46:05 ]:  processSMS: OPID not found: 
[ 2011-07-05 11:47:05 ]:  processSMS: OPID not found: 
[ 2011-07-05 11:48:05 ]:  processSMS: OPID not found: 
[ 2011-07-05 11:49:11 ]:  processSMS: OPID not found: 
[ 2011-07-05 11:50:05 ]:  processSMS: OPID not found: 
[ 2011-07-05 11:51:05 ]:  processSMS: OPID not found: 
[ 2011-07-05 11:52:05 ]:  processSMS: OPID not found: 
[ 2011-07-05 11:53:05 ]:  processSMS: OPID not found: 
[ 2011-07-05 11:54:04 ]:  processSMS: OPID not found: 
[ 2011-07-05 11:55:04 ]:  processSMS: OPID not found: 
[ 2011-07-05 11:56:05 ]:  processSMS: OPID not found: 
[ 2011-07-05 11:57:05 ]:  processSMS: OPID not found: 
[ 2011-07-05 11:58:05 ]:  processSMS: OPID not found: 
[ 2011-07-05 11:59:10 ]:  processSMS: OPID not found: 
[ 2011-07-05 12:00:05 ]:  processSMS: OPID not found: 
[ 2011-07-05 12:01:05 ]:  processSMS: OPID not found: 
[ 2011-07-05 12:02:05 ]:  processSMS: OPID not found: 
[ 2011-07-05 12:03:05 ]:  processSMS: OPID not found: 
[ 2011-07-05 12:04:05 ]:  processSMS: OPID not found: 
[ 2011-07-05 12:05:04 ]:  processSMS: OPID not found: 
[ 2011-07-05 12:06:05 ]:  processSMS: OPID not found: 
[ 2011-07-05 12:07:05 ]:  processSMS: OPID not found: 
[ 2011-07-05 12:08:05 ]:  processSMS: OPID not found: 
[ 2011-07-05 12:09:06 ]:  processSMS: OPID not found: 
[ 2011-07-05 12:10:06 ]:  processSMS: OPID not found: 
[ 2011-07-05 12:11:05 ]:  processSMS: OPID not found: 
[ 2011-07-05 12:12:05 ]:  processSMS: OPID not found: 
[ 2011-07-05 12:13:05 ]:  processSMS: OPID not found: 
[ 2011-07-05 12:14:05 ]:  processSMS: OPID not found: 
[ 2011-07-05 12:15:05 ]:  processSMS: OPID not found: 
[ 2011-07-05 12:16:05 ]:  processSMS: OPID not found: 
[ 2011-07-05 12:17:05 ]:  processSMS: OPID not found: 
[ 2011-07-05 12:18:04 ]:  processSMS: OPID not found: 
[ 2011-07-05 12:19:04 ]:  processSMS: OPID not found: 
[ 2011-07-05 12:20:06 ]:  processSMS: OPID not found: 
[ 2011-07-05 12:21:08 ]:  processSMS: OPID not found: 
[ 2011-07-05 12:22:05 ]:  processSMS: OPID not found: 
[ 2011-07-05 12:23:05 ]:  processSMS: OPID not found: 
[ 2011-07-05 12:24:06 ]:  processSMS: OPID not found: 
[ 2011-07-05 12:25:15 ]:  processSMS: OPID not found: 
[ 2011-07-05 12:26:05 ]:  processSMS: OPID not found: 
[ 2011-07-05 12:27:05 ]:  processSMS: OPID not found: 
[ 2011-07-05 12:28:05 ]:  processSMS: OPID not found: 
[ 2011-07-05 12:29:05 ]:  processSMS: OPID not found: 
[ 2011-07-05 12:30:15 ]:  processSMS: OPID not found: 
[ 2011-07-05 12:31:59 ]:  processSMS: OPID not found: 
[ 2011-07-05 12:32:04 ]:  processSMS: OPID not found: 
[ 2011-07-05 12:33:06 ]:  processSMS: OPID not found: 
[ 2011-07-05 12:34:04 ]:  processSMS: OPID not found: 
[ 2011-07-05 12:35:05 ]:  processSMS: OPID not found: 
[ 2011-07-05 12:36:05 ]:  processSMS: OPID not found: 
[ 2011-07-05 12:36:48 ]:  processSMS: OPID not found: 
[ 2011-07-05 12:37:05 ]:  processSMS: OPID not found: 
[ 2011-07-05 12:37:29 ]:  processSMS: OPID not found: 
[ 2011-07-07 10:57:16 ]:  processSMS: PID not found: 2
[ 2011-07-14 16:28:16 ]:  processSMS: OPID not found: 
